<?xml version="1.0" encoding="UTF-8"?>
<testsuite xmlns:xsi="http://www.w3.org/2001/XMLSchema-instance" xsi:noNamespaceSchemaLocation="https://maven.apache.org/surefire/maven-surefire-plugin/xsd/surefire-test-report.xsd" name="info.anthonywang.zybookautocompleter.AppTest" time="17.923" tests="1" errors="1" skipped="0" failures="0">
  <properties>
    <property name="sun.desktop" value="windows"/>
    <property name="awt.toolkit" value="sun.awt.windows.WToolkit"/>
    <property name="file.encoding.pkg" value="sun.io"/>
    <property name="java.specification.version" value="1.8"/>
    <property name="sun.cpu.isalist" value="amd64"/>
    <property name="sun.jnu.encoding" value="Cp1252"/>
    <property name="java.class.path" value="c:\Users\Anthony\Documents\GitHub\zyBooks-Assignment-Completer\zyBook Activity Completer\target\test-classes;c:\Users\Anthony\Documents\GitHub\zyBooks-Assignment-Completer\zyBook Activity Completer\target\classes;C:\Users\Anthony\.m2\repository\junit\junit\4.11\junit-4.11.jar;C:\Users\Anthony\.m2\repository\org\hamcrest\hamcrest-core\1.3\hamcrest-core-1.3.jar;C:\Users\Anthony\.m2\repository\net\lightbody\bmp\browsermob-core\2.1.5\browsermob-core-2.1.5.jar;C:\Users\Anthony\.m2\repository\net\lightbody\bmp\littleproxy\1.1.0-beta-bmp-17\littleproxy-1.1.0-beta-bmp-17.jar;C:\Users\Anthony\.m2\repository\org\apache\commons\commons-lang3\3.5\commons-lang3-3.5.jar;C:\Users\Anthony\.m2\repository\com\fasterxml\jackson\core\jackson-core\2.8.9\jackson-core-2.8.9.jar;C:\Users\Anthony\.m2\repository\com\fasterxml\jackson\core\jackson-databind\2.8.9\jackson-databind-2.8.9.jar;C:\Users\Anthony\.m2\repository\com\fasterxml\jackson\core\jackson-annotations\2.8.9\jackson-annotations-2.8.9.jar;C:\Users\Anthony\.m2\repository\com\google\guava\guava\27.1-jre\guava-27.1-jre.jar;C:\Users\Anthony\.m2\repository\com\google\guava\failureaccess\1.0.1\failureaccess-1.0.1.jar;C:\Users\Anthony\.m2\repository\com\google\guava\listenablefuture\9999.0-empty-to-avoid-conflict-with-guava\listenablefuture-9999.0-empty-to-avoid-conflict-with-guava.jar;C:\Users\Anthony\.m2\repository\com\google\code\findbugs\jsr305\3.0.2\jsr305-3.0.2.jar;C:\Users\Anthony\.m2\repository\org\checkerframework\checker-qual\2.5.2\checker-qual-2.5.2.jar;C:\Users\Anthony\.m2\repository\com\google\errorprone\error_prone_annotations\2.2.0\error_prone_annotations-2.2.0.jar;C:\Users\Anthony\.m2\repository\com\google\j2objc\j2objc-annotations\1.1\j2objc-annotations-1.1.jar;C:\Users\Anthony\.m2\repository\org\codehaus\mojo\animal-sniffer-annotations\1.17\animal-sniffer-annotations-1.17.jar;C:\Users\Anthony\.m2\repository\dnsjava\dnsjava\2.1.8\dnsjava-2.1.8.jar;C:\Users\Anthony\.m2\repository\org\slf4j\slf4j-api\1.7.25\slf4j-api-1.7.25.jar;C:\Users\Anthony\.m2\repository\org\slf4j\jcl-over-slf4j\1.7.25\jcl-over-slf4j-1.7.25.jar;C:\Users\Anthony\.m2\repository\com\jcraft\jzlib\1.1.3\jzlib-1.1.3.jar;C:\Users\Anthony\.m2\repository\io\netty\netty-all\4.0.51.Final\netty-all-4.0.51.Final.jar;C:\Users\Anthony\.m2\repository\org\bouncycastle\bcprov-jdk15on\1.58\bcprov-jdk15on-1.58.jar;C:\Users\Anthony\.m2\repository\org\bouncycastle\bcpkix-jdk15on\1.58\bcpkix-jdk15on-1.58.jar;C:\Users\Anthony\.m2\repository\net\lightbody\bmp\mitm\2.1.5\mitm-2.1.5.jar;C:\Users\Anthony\.m2\repository\com\machinepublishers\jbrowserdriver\1.0.1\jbrowserdriver-1.0.1.jar;C:\Users\Anthony\.m2\repository\org\apache\httpcomponents\httpclient-cache\4.5.4\httpclient-cache-4.5.4.jar;C:\Users\Anthony\.m2\repository\org\apache\httpcomponents\httpclient\4.5.4\httpclient-4.5.4.jar;C:\Users\Anthony\.m2\repository\org\apache\httpcomponents\httpcore\4.4.7\httpcore-4.4.7.jar;C:\Users\Anthony\.m2\repository\commons-codec\commons-codec\1.10\commons-codec-1.10.jar;C:\Users\Anthony\.m2\repository\commons-logging\commons-logging\1.2\commons-logging-1.2.jar;C:\Users\Anthony\.m2\repository\org\seleniumhq\selenium\selenium-api\3.141.0\selenium-api-3.141.0.jar;C:\Users\Anthony\.m2\repository\org\seleniumhq\selenium\selenium-remote-driver\3.141.0\selenium-remote-driver-3.141.0.jar;C:\Users\Anthony\.m2\repository\org\seleniumhq\selenium\selenium-server\3.141.0\selenium-server-3.141.0.jar;C:\Users\Anthony\.m2\repository\org\zeroturnaround\zt-process-killer\1.8\zt-process-killer-1.8.jar;C:\Users\Anthony\.m2\repository\org\zeroturnaround\zt-exec\1.7\zt-exec-1.7.jar;C:\Users\Anthony\.m2\repository\net\java\dev\jna\jna\4.2.2\jna-4.2.2.jar;C:\Users\Anthony\.m2\repository\commons-lang\commons-lang\2.6\commons-lang-2.6.jar;C:\Users\Anthony\.m2\repository\commons-io\commons-io\2.2\commons-io-2.2.jar;C:\Users\Anthony\.m2\repository\io\github\classgraph\classgraph\4.4.12\classgraph-4.4.12.jar;C:\Users\Anthony\.m2\repository\org\seleniumhq\selenium\selenium-support\3.141.59\selenium-support-3.141.59.jar;C:\Users\Anthony\.m2\repository\net\bytebuddy\byte-buddy\1.8.15\byte-buddy-1.8.15.jar;C:\Users\Anthony\.m2\repository\org\apache\commons\commons-exec\1.3\commons-exec-1.3.jar;C:\Users\Anthony\.m2\repository\com\squareup\okhttp3\okhttp\3.11.0\okhttp-3.11.0.jar;C:\Users\Anthony\.m2\repository\com\squareup\okio\okio\1.14.0\okio-1.14.0.jar;C:\Users\Anthony\.m2\repository\com\google\code\gson\gson\2.8.5\gson-2.8.5.jar;C:\Users\Anthony\.m2\repository\org\slf4j\slf4j-jdk14\1.7.25\slf4j-jdk14-1.7.25.jar;"/>
    <property name="java.vm.vendor" value="Oracle Corporation"/>
    <property name="sun.arch.data.model" value="64"/>
    <property name="user.variant" value=""/>
    <property name="java.vendor.url" value="http://java.oracle.com/"/>
    <property name="user.timezone" value="America/Chicago"/>
    <property name="java.vm.specification.version" value="1.8"/>
    <property name="os.name" value="Windows 10"/>
    <property name="user.country" value="US"/>
    <property name="sun.java.launcher" value="SUN_STANDARD"/>
    <property name="sun.boot.library.path" value="C:\Program Files\Java\jdk1.8.0_202\jre\bin"/>
    <property name="sun.java.command" value="C:\Users\Anthony\AppData\Local\Temp\surefire2381432381200303825\surefirebooter1616413352689100906.jar C:\Users\Anthony\AppData\Local\Temp\surefire2381432381200303825 2019-03-18T13-46-11_938-jvmRun1 surefire6989639004472469388tmp surefire_04606469434098453347tmp"/>
    <property name="surefire.test.class.path" value="c:\Users\Anthony\Documents\GitHub\zyBooks-Assignment-Completer\zyBook Activity Completer\target\test-classes;c:\Users\Anthony\Documents\GitHub\zyBooks-Assignment-Completer\zyBook Activity Completer\target\classes;C:\Users\Anthony\.m2\repository\junit\junit\4.11\junit-4.11.jar;C:\Users\Anthony\.m2\repository\org\hamcrest\hamcrest-core\1.3\hamcrest-core-1.3.jar;C:\Users\Anthony\.m2\repository\net\lightbody\bmp\browsermob-core\2.1.5\browsermob-core-2.1.5.jar;C:\Users\Anthony\.m2\repository\net\lightbody\bmp\littleproxy\1.1.0-beta-bmp-17\littleproxy-1.1.0-beta-bmp-17.jar;C:\Users\Anthony\.m2\repository\org\apache\commons\commons-lang3\3.5\commons-lang3-3.5.jar;C:\Users\Anthony\.m2\repository\com\fasterxml\jackson\core\jackson-core\2.8.9\jackson-core-2.8.9.jar;C:\Users\Anthony\.m2\repository\com\fasterxml\jackson\core\jackson-databind\2.8.9\jackson-databind-2.8.9.jar;C:\Users\Anthony\.m2\repository\com\fasterxml\jackson\core\jackson-annotations\2.8.9\jackson-annotations-2.8.9.jar;C:\Users\Anthony\.m2\repository\com\google\guava\guava\27.1-jre\guava-27.1-jre.jar;C:\Users\Anthony\.m2\repository\com\google\guava\failureaccess\1.0.1\failureaccess-1.0.1.jar;C:\Users\Anthony\.m2\repository\com\google\guava\listenablefuture\9999.0-empty-to-avoid-conflict-with-guava\listenablefuture-9999.0-empty-to-avoid-conflict-with-guava.jar;C:\Users\Anthony\.m2\repository\com\google\code\findbugs\jsr305\3.0.2\jsr305-3.0.2.jar;C:\Users\Anthony\.m2\repository\org\checkerframework\checker-qual\2.5.2\checker-qual-2.5.2.jar;C:\Users\Anthony\.m2\repository\com\google\errorprone\error_prone_annotations\2.2.0\error_prone_annotations-2.2.0.jar;C:\Users\Anthony\.m2\repository\com\google\j2objc\j2objc-annotations\1.1\j2objc-annotations-1.1.jar;C:\Users\Anthony\.m2\repository\org\codehaus\mojo\animal-sniffer-annotations\1.17\animal-sniffer-annotations-1.17.jar;C:\Users\Anthony\.m2\repository\dnsjava\dnsjava\2.1.8\dnsjava-2.1.8.jar;C:\Users\Anthony\.m2\repository\org\slf4j\slf4j-api\1.7.25\slf4j-api-1.7.25.jar;C:\Users\Anthony\.m2\repository\org\slf4j\jcl-over-slf4j\1.7.25\jcl-over-slf4j-1.7.25.jar;C:\Users\Anthony\.m2\repository\com\jcraft\jzlib\1.1.3\jzlib-1.1.3.jar;C:\Users\Anthony\.m2\repository\io\netty\netty-all\4.0.51.Final\netty-all-4.0.51.Final.jar;C:\Users\Anthony\.m2\repository\org\bouncycastle\bcprov-jdk15on\1.58\bcprov-jdk15on-1.58.jar;C:\Users\Anthony\.m2\repository\org\bouncycastle\bcpkix-jdk15on\1.58\bcpkix-jdk15on-1.58.jar;C:\Users\Anthony\.m2\repository\net\lightbody\bmp\mitm\2.1.5\mitm-2.1.5.jar;C:\Users\Anthony\.m2\repository\com\machinepublishers\jbrowserdriver\1.0.1\jbrowserdriver-1.0.1.jar;C:\Users\Anthony\.m2\repository\org\apache\httpcomponents\httpclient-cache\4.5.4\httpclient-cache-4.5.4.jar;C:\Users\Anthony\.m2\repository\org\apache\httpcomponents\httpclient\4.5.4\httpclient-4.5.4.jar;C:\Users\Anthony\.m2\repository\org\apache\httpcomponents\httpcore\4.4.7\httpcore-4.4.7.jar;C:\Users\Anthony\.m2\repository\commons-codec\commons-codec\1.10\commons-codec-1.10.jar;C:\Users\Anthony\.m2\repository\commons-logging\commons-logging\1.2\commons-logging-1.2.jar;C:\Users\Anthony\.m2\repository\org\seleniumhq\selenium\selenium-api\3.141.0\selenium-api-3.141.0.jar;C:\Users\Anthony\.m2\repository\org\seleniumhq\selenium\selenium-remote-driver\3.141.0\selenium-remote-driver-3.141.0.jar;C:\Users\Anthony\.m2\repository\org\seleniumhq\selenium\selenium-server\3.141.0\selenium-server-3.141.0.jar;C:\Users\Anthony\.m2\repository\org\zeroturnaround\zt-process-killer\1.8\zt-process-killer-1.8.jar;C:\Users\Anthony\.m2\repository\org\zeroturnaround\zt-exec\1.7\zt-exec-1.7.jar;C:\Users\Anthony\.m2\repository\net\java\dev\jna\jna\4.2.2\jna-4.2.2.jar;C:\Users\Anthony\.m2\repository\commons-lang\commons-lang\2.6\commons-lang-2.6.jar;C:\Users\Anthony\.m2\repository\commons-io\commons-io\2.2\commons-io-2.2.jar;C:\Users\Anthony\.m2\repository\io\github\classgraph\classgraph\4.4.12\classgraph-4.4.12.jar;C:\Users\Anthony\.m2\repository\org\seleniumhq\selenium\selenium-support\3.141.59\selenium-support-3.141.59.jar;C:\Users\Anthony\.m2\repository\net\bytebuddy\byte-buddy\1.8.15\byte-buddy-1.8.15.jar;C:\Users\Anthony\.m2\repository\org\apache\commons\commons-exec\1.3\commons-exec-1.3.jar;C:\Users\Anthony\.m2\repository\com\squareup\okhttp3\okhttp\3.11.0\okhttp-3.11.0.jar;C:\Users\Anthony\.m2\repository\com\squareup\okio\okio\1.14.0\okio-1.14.0.jar;C:\Users\Anthony\.m2\repository\com\google\code\gson\gson\2.8.5\gson-2.8.5.jar;C:\Users\Anthony\.m2\repository\org\slf4j\slf4j-jdk14\1.7.25\slf4j-jdk14-1.7.25.jar;"/>
    <property name="sun.cpu.endian" value="little"/>
    <property name="user.home" value="C:\Users\Anthony"/>
    <property name="user.language" value="en"/>
    <property name="java.specification.vendor" value="Oracle Corporation"/>
    <property name="java.home" value="C:\Program Files\Java\jdk1.8.0_202\jre"/>
    <property name="basedir" value="c:\Users\Anthony\Documents\GitHub\zyBooks-Assignment-Completer\zyBook Activity Completer"/>
    <property name="file.separator" value="\"/>
    <property name="line.separator" value="&#10;"/>
    <property name="java.vm.specification.vendor" value="Oracle Corporation"/>
    <property name="java.specification.name" value="Java Platform API Specification"/>
    <property name="java.awt.graphicsenv" value="sun.awt.Win32GraphicsEnvironment"/>
    <property name="surefire.real.class.path" value="C:\Users\Anthony\AppData\Local\Temp\surefire2381432381200303825\surefirebooter1616413352689100906.jar"/>
    <property name="sun.boot.class.path" value="C:\Program Files\Java\jdk1.8.0_202\jre\lib\resources.jar;C:\Program Files\Java\jdk1.8.0_202\jre\lib\rt.jar;C:\Program Files\Java\jdk1.8.0_202\jre\lib\sunrsasign.jar;C:\Program Files\Java\jdk1.8.0_202\jre\lib\jsse.jar;C:\Program Files\Java\jdk1.8.0_202\jre\lib\jce.jar;C:\Program Files\Java\jdk1.8.0_202\jre\lib\charsets.jar;C:\Program Files\Java\jdk1.8.0_202\jre\lib\jfr.jar;C:\Program Files\Java\jdk1.8.0_202\jre\classes"/>
    <property name="user.script" value=""/>
    <property name="sun.management.compiler" value="HotSpot 64-Bit Tiered Compilers"/>
    <property name="java.runtime.version" value="1.8.0_202-b08"/>
    <property name="user.name" value="Anthony"/>
    <property name="path.separator" value=";"/>
    <property name="os.version" value="10.0"/>
    <property name="java.endorsed.dirs" value="C:\Program Files\Java\jdk1.8.0_202\jre\lib\endorsed"/>
    <property name="java.runtime.name" value="Java(TM) SE Runtime Environment"/>
    <property name="file.encoding" value="Cp1252"/>
    <property name="java.vm.name" value="Java HotSpot(TM) 64-Bit Server VM"/>
    <property name="localRepository" value="C:\Users\Anthony\.m2\repository"/>
    <property name="java.vendor.url.bug" value="http://bugreport.sun.com/bugreport/"/>
    <property name="java.io.tmpdir" value="C:\Users\Anthony\AppData\Local\Temp\"/>
    <property name="java.version" value="1.8.0_202"/>
    <property name="user.dir" value="c:\Users\Anthony\Documents\GitHub\zyBooks-Assignment-Completer\zyBook Activity Completer"/>
    <property name="os.arch" value="amd64"/>
    <property name="java.vm.specification.name" value="Java Virtual Machine Specification"/>
    <property name="java.awt.printerjob" value="sun.awt.windows.WPrinterJob"/>
    <property name="sun.os.patch.level" value=""/>
    <property name="java.library.path" value="C:\Program Files\Java\jdk1.8.0_202\jre\bin;C:\WINDOWS\Sun\Java\bin;C:\WINDOWS\system32;C:\WINDOWS;C:\Program Files\Java\jdk1.8.0_202\bin;C:\Program Files\Java\jdk-11.0.2\bin;C:\Program Files (x86)\Intel\iCLS Client\;C:\Program Files\Intel\iCLS Client\;C:\WINDOWS\system32;C:\WINDOWS;C:\WINDOWS\System32\Wbem;C:\WINDOWS\System32\WindowsPowerShell\v1.0\;C:\Program Files (x86)\Intel\Intel(R) Management Engine Components\DAL;C:\Program Files\Intel\Intel(R) Management Engine Components\DAL;C:\Program Files (x86)\Intel\Intel(R) Management Engine Components\IPT;C:\Program Files\Intel\Intel(R) Management Engine Components\IPT;C:\Program Files\Intel\WiFi\bin\;C:\Program Files\Common Files\Intel\WirelessCommon\;C:\WINDOWS\System32\OpenSSH\;C:\Program Files\dotnet\;C:\Program Files\Microsoft SQL Server\130\Tools\Binn\;C:\Program Files (x86)\GnuWin32\bin;C:\Program Files\Java\apache-maven-3.6.0\bin;C:\Program Files\Git\cmd;C:\Users\Anthony\AppData\Local\Programs\Python\Python37\Scripts\;C:\Users\Anthony\AppData\Local\Programs\Python\Python37\;C:\Users\Anthony\AppData\Local\Microsoft\WindowsApps;C:\Users\Anthony\AppData\Local\Programs\Microsoft VS Code\bin;C:\Users\Anthony\AppData\Local\GitHubDesktop\bin;."/>
    <property name="java.vm.info" value="mixed mode"/>
    <property name="java.vendor" value="Oracle Corporation"/>
    <property name="java.vm.version" value="25.202-b08"/>
    <property name="java.ext.dirs" value="C:\Program Files\Java\jdk1.8.0_202\jre\lib\ext;C:\WINDOWS\Sun\Java\lib\ext"/>
    <property name="sun.io.unicode.encoding" value="UnicodeLittle"/>
    <property name="java.class.version" value="52.0"/>
  </properties>
  <testcase name="shouldAnswerWithTrue" classname="info.anthonywang.zybookautocompleter.AppTest" time="17.876">
    <error type="java.lang.NullPointerException">java.lang.NullPointerException
	at info.anthonywang.zybookautocompleter.AppTest.shouldAnswerWithTrue(AppTest.java:19)
</error>
    <system-out><![CDATA[Enter zyBooks email:Enter zyBooks password:]]></system-out>
    <system-err><![CDATA[Mar 18, 2019 1:46:15 PM org.littleshoot.proxy.impl.DefaultHttpProxyServer start
INFO: Starting proxy at address: 0.0.0.0/0.0.0.0:0
Mar 18, 2019 1:46:15 PM org.littleshoot.proxy.impl.DefaultHttpProxyServer doStart
INFO: Proxy listening with TCP transport
Mar 18, 2019 1:46:16 PM org.littleshoot.proxy.impl.DefaultHttpProxyServer doStart
INFO: Proxy started at address: /0:0:0:0:0:0:0:0:49294
[2019-03-18T18:46:21.008][Instance 1][Port 49295] [2019-03-18T18:46:21.005]Enabled protocols: [TLSv1, TLSv1.1, TLSv1.2]
[2019-03-18T18:46:21.009][Instance 1][Port 49295] [2019-03-18T18:46:21.007]Enabled cipher suites:[TLS_ECDHE_ECDSA_WITH_AES_256_CBC_SHA384, TLS_ECDHE_RSA_WITH_AES_256_CBC_SHA384, TLS_RSA_WITH_AES_256_CBC_SHA256, TLS_ECDH_ECDSA_WITH_AES_256_CBC_SHA384, TLS_ECDH_RSA_WITH_AES_256_CBC_SHA384, TLS_DHE_RSA_WITH_AES_256_CBC_SHA256, TLS_DHE_DSS_WITH_AES_256_CBC_SHA256, TLS_ECDHE_ECDSA_WITH_AES_256_CBC_SHA, TLS_ECDHE_RSA_WITH_AES_256_CBC_SHA, TLS_RSA_WITH_AES_256_CBC_SHA, TLS_ECDH_ECDSA_WITH_AES_256_CBC_SHA, TLS_ECDH_RSA_WITH_AES_256_CBC_SHA, TLS_DHE_RSA_WITH_AES_256_CBC_SHA, TLS_DHE_DSS_WITH_AES_256_CBC_SHA, TLS_ECDHE_ECDSA_WITH_AES_128_CBC_SHA256, TLS_ECDHE_RSA_WITH_AES_128_CBC_SHA256, TLS_RSA_WITH_AES_128_CBC_SHA256, TLS_ECDH_ECDSA_WITH_AES_128_CBC_SHA256, TLS_ECDH_RSA_WITH_AES_128_CBC_SHA256, TLS_DHE_RSA_WITH_AES_128_CBC_SHA256, TLS_DHE_DSS_WITH_AES_128_CBC_SHA256, TLS_ECDHE_ECDSA_WITH_AES_128_CBC_SHA, TLS_ECDHE_RSA_WITH_AES_128_CBC_SHA, TLS_RSA_WITH_AES_128_CBC_SHA, TLS_ECDH_ECDSA_WITH_AES_128_CBC_SHA, TLS_ECDH_RSA_WITH_AES_128_CBC_SHA, TLS_DHE_RSA_WITH_AES_128_CBC_SHA, TLS_DHE_DSS_WITH_AES_128_CBC_SHA, TLS_ECDHE_ECDSA_WITH_AES_256_GCM_SHA384, TLS_ECDHE_ECDSA_WITH_AES_128_GCM_SHA256, TLS_ECDHE_RSA_WITH_AES_256_GCM_SHA384, TLS_RSA_WITH_AES_256_GCM_SHA384, TLS_ECDH_ECDSA_WITH_AES_256_GCM_SHA384, TLS_ECDH_RSA_WITH_AES_256_GCM_SHA384, TLS_DHE_RSA_WITH_AES_256_GCM_SHA384, TLS_DHE_DSS_WITH_AES_256_GCM_SHA384, TLS_ECDHE_RSA_WITH_AES_128_GCM_SHA256, TLS_RSA_WITH_AES_128_GCM_SHA256, TLS_ECDH_ECDSA_WITH_AES_128_GCM_SHA256, TLS_ECDH_RSA_WITH_AES_128_GCM_SHA256, TLS_DHE_RSA_WITH_AES_128_GCM_SHA256, TLS_DHE_DSS_WITH_AES_128_GCM_SHA256]
[2019-03-18T18:46:21.009][Instance 1][Port 49295] [2019-03-18T18:46:21.008]Starting handshake
[2019-03-18T18:46:22.019][Instance 1][Port 49295] [2019-03-18T18:46:22.018]Secure session established
[2019-03-18T18:46:22.019][Instance 1][Port 49295] [2019-03-18T18:46:22.018] negotiated protocol: TLSv1.2
[2019-03-18T18:46:22.019][Instance 1][Port 49295] [2019-03-18T18:46:22.019] negotiated cipher suite: TLS_ECDHE_RSA_WITH_AES_256_CBC_SHA384
[2019-03-18T18:46:22.020][Instance 1][Port 49295] [2019-03-18T18:46:22.020] peer principal: OU=LittleProxy MITM, O=Impersonated Certificate, CN=learn.zybooks.com
[2019-03-18T18:46:22.020][Instance 1][Port 49295] [2019-03-18T18:46:22.020] peer alternative names: [learn.zybooks.com]
[2019-03-18T18:46:22.021][Instance 1][Port 49295] [2019-03-18T18:46:22.020] issuer principal: O=LittleProxy RSA Impersonation CA, CN=LittleProxy MITM
[2019-03-18T18:46:22.942][Instance 1][Port 49295] [2019-03-18T18:46:22.940]Enabled protocols: [TLSv1, TLSv1.1, TLSv1.2]
[2019-03-18T18:46:22.948][Instance 1][Port 49295] [2019-03-18T18:46:22.941]Enabled cipher suites:[TLS_ECDHE_ECDSA_WITH_AES_256_CBC_SHA384, TLS_ECDHE_RSA_WITH_AES_256_CBC_SHA384, TLS_RSA_WITH_AES_256_CBC_SHA256, TLS_ECDH_ECDSA_WITH_AES_256_CBC_SHA384, TLS_ECDH_RSA_WITH_AES_256_CBC_SHA384, TLS_DHE_RSA_WITH_AES_256_CBC_SHA256, TLS_DHE_DSS_WITH_AES_256_CBC_SHA256, TLS_ECDHE_ECDSA_WITH_AES_256_CBC_SHA, TLS_ECDHE_RSA_WITH_AES_256_CBC_SHA, TLS_RSA_WITH_AES_256_CBC_SHA, TLS_ECDH_ECDSA_WITH_AES_256_CBC_SHA, TLS_ECDH_RSA_WITH_AES_256_CBC_SHA, TLS_DHE_RSA_WITH_AES_256_CBC_SHA, TLS_DHE_DSS_WITH_AES_256_CBC_SHA, TLS_ECDHE_ECDSA_WITH_AES_128_CBC_SHA256, TLS_ECDHE_RSA_WITH_AES_128_CBC_SHA256, TLS_RSA_WITH_AES_128_CBC_SHA256, TLS_ECDH_ECDSA_WITH_AES_128_CBC_SHA256, TLS_ECDH_RSA_WITH_AES_128_CBC_SHA256, TLS_DHE_RSA_WITH_AES_128_CBC_SHA256, TLS_DHE_DSS_WITH_AES_128_CBC_SHA256, TLS_ECDHE_ECDSA_WITH_AES_128_CBC_SHA, TLS_ECDHE_RSA_WITH_AES_128_CBC_SHA, TLS_RSA_WITH_AES_128_CBC_SHA, TLS_ECDH_ECDSA_WITH_AES_128_CBC_SHA, TLS_ECDH_RSA_WITH_AES_128_CBC_SHA, TLS_DHE_RSA_WITH_AES_128_CBC_SHA, TLS_DHE_DSS_WITH_AES_128_CBC_SHA, TLS_ECDHE_ECDSA_WITH_AES_256_GCM_SHA384, TLS_ECDHE_ECDSA_WITH_AES_128_GCM_SHA256, TLS_ECDHE_RSA_WITH_AES_256_GCM_SHA384, TLS_RSA_WITH_AES_256_GCM_SHA384, TLS_ECDH_ECDSA_WITH_AES_256_GCM_SHA384, TLS_ECDH_RSA_WITH_AES_256_GCM_SHA384, TLS_DHE_RSA_WITH_AES_256_GCM_SHA384, TLS_DHE_DSS_WITH_AES_256_GCM_SHA384, TLS_ECDHE_RSA_WITH_AES_128_GCM_SHA256, TLS_RSA_WITH_AES_128_GCM_SHA256, TLS_ECDH_ECDSA_WITH_AES_128_GCM_SHA256, TLS_ECDH_RSA_WITH_AES_128_GCM_SHA256, TLS_DHE_RSA_WITH_AES_128_GCM_SHA256, TLS_DHE_DSS_WITH_AES_128_GCM_SHA256]
[2019-03-18T18:46:22.950][Instance 1][Port 49295] [2019-03-18T18:46:22.942]Starting handshake
[2019-03-18T18:46:22.962][Instance 1][Port 49295] [2019-03-18T18:46:22.951]Enabled protocols: [TLSv1, TLSv1.1, TLSv1.2]
[2019-03-18T18:46:22.962][Instance 1][Port 49295] [2019-03-18T18:46:22.952]Enabled cipher suites:[TLS_ECDHE_ECDSA_WITH_AES_256_CBC_SHA384, TLS_ECDHE_RSA_WITH_AES_256_CBC_SHA384, TLS_RSA_WITH_AES_256_CBC_SHA256, TLS_ECDH_ECDSA_WITH_AES_256_CBC_SHA384, TLS_ECDH_RSA_WITH_AES_256_CBC_SHA384, TLS_DHE_RSA_WITH_AES_256_CBC_SHA256, TLS_DHE_DSS_WITH_AES_256_CBC_SHA256, TLS_ECDHE_ECDSA_WITH_AES_256_CBC_SHA, TLS_ECDHE_RSA_WITH_AES_256_CBC_SHA, TLS_RSA_WITH_AES_256_CBC_SHA, TLS_ECDH_ECDSA_WITH_AES_256_CBC_SHA, TLS_ECDH_RSA_WITH_AES_256_CBC_SHA, TLS_DHE_RSA_WITH_AES_256_CBC_SHA, TLS_DHE_DSS_WITH_AES_256_CBC_SHA, TLS_ECDHE_ECDSA_WITH_AES_128_CBC_SHA256, TLS_ECDHE_RSA_WITH_AES_128_CBC_SHA256, TLS_RSA_WITH_AES_128_CBC_SHA256, TLS_ECDH_ECDSA_WITH_AES_128_CBC_SHA256, TLS_ECDH_RSA_WITH_AES_128_CBC_SHA256, TLS_DHE_RSA_WITH_AES_128_CBC_SHA256, TLS_DHE_DSS_WITH_AES_128_CBC_SHA256, TLS_ECDHE_ECDSA_WITH_AES_128_CBC_SHA, TLS_ECDHE_RSA_WITH_AES_128_CBC_SHA, TLS_RSA_WITH_AES_128_CBC_SHA, TLS_ECDH_ECDSA_WITH_AES_128_CBC_SHA, TLS_ECDH_RSA_WITH_AES_128_CBC_SHA, TLS_DHE_RSA_WITH_AES_128_CBC_SHA, TLS_DHE_DSS_WITH_AES_128_CBC_SHA, TLS_ECDHE_ECDSA_WITH_AES_256_GCM_SHA384, TLS_ECDHE_ECDSA_WITH_AES_128_GCM_SHA256, TLS_ECDHE_RSA_WITH_AES_256_GCM_SHA384, TLS_RSA_WITH_AES_256_GCM_SHA384, TLS_ECDH_ECDSA_WITH_AES_256_GCM_SHA384, TLS_ECDH_RSA_WITH_AES_256_GCM_SHA384, TLS_DHE_RSA_WITH_AES_256_GCM_SHA384, TLS_DHE_DSS_WITH_AES_256_GCM_SHA384, TLS_ECDHE_RSA_WITH_AES_128_GCM_SHA256, TLS_RSA_WITH_AES_128_GCM_SHA256, TLS_ECDH_ECDSA_WITH_AES_128_GCM_SHA256, TLS_ECDH_RSA_WITH_AES_128_GCM_SHA256, TLS_DHE_RSA_WITH_AES_128_GCM_SHA256, TLS_DHE_DSS_WITH_AES_128_GCM_SHA256]
[2019-03-18T18:46:22.963][Instance 1][Port 49295] [2019-03-18T18:46:22.952]Starting handshake
[2019-03-18T18:46:22.963][Instance 1][Port 49295] [2019-03-18T18:46:22.958]Enabled protocols: [TLSv1, TLSv1.1, TLSv1.2]
[2019-03-18T18:46:22.963][Instance 1][Port 49295] [2019-03-18T18:46:22.958]Enabled cipher suites:[TLS_ECDHE_ECDSA_WITH_AES_256_CBC_SHA384, TLS_ECDHE_RSA_WITH_AES_256_CBC_SHA384, TLS_RSA_WITH_AES_256_CBC_SHA256, TLS_ECDH_ECDSA_WITH_AES_256_CBC_SHA384, TLS_ECDH_RSA_WITH_AES_256_CBC_SHA384, TLS_DHE_RSA_WITH_AES_256_CBC_SHA256, TLS_DHE_DSS_WITH_AES_256_CBC_SHA256, TLS_ECDHE_ECDSA_WITH_AES_256_CBC_SHA, TLS_ECDHE_RSA_WITH_AES_256_CBC_SHA, TLS_RSA_WITH_AES_256_CBC_SHA, TLS_ECDH_ECDSA_WITH_AES_256_CBC_SHA, TLS_ECDH_RSA_WITH_AES_256_CBC_SHA, TLS_DHE_RSA_WITH_AES_256_CBC_SHA, TLS_DHE_DSS_WITH_AES_256_CBC_SHA, TLS_ECDHE_ECDSA_WITH_AES_128_CBC_SHA256, TLS_ECDHE_RSA_WITH_AES_128_CBC_SHA256, TLS_RSA_WITH_AES_128_CBC_SHA256, TLS_ECDH_ECDSA_WITH_AES_128_CBC_SHA256, TLS_ECDH_RSA_WITH_AES_128_CBC_SHA256, TLS_DHE_RSA_WITH_AES_128_CBC_SHA256, TLS_DHE_DSS_WITH_AES_128_CBC_SHA256, TLS_ECDHE_ECDSA_WITH_AES_128_CBC_SHA, TLS_ECDHE_RSA_WITH_AES_128_CBC_SHA, TLS_RSA_WITH_AES_128_CBC_SHA, TLS_ECDH_ECDSA_WITH_AES_128_CBC_SHA, TLS_ECDH_RSA_WITH_AES_128_CBC_SHA, TLS_DHE_RSA_WITH_AES_128_CBC_SHA, TLS_DHE_DSS_WITH_AES_128_CBC_SHA, TLS_ECDHE_ECDSA_WITH_AES_256_GCM_SHA384, TLS_ECDHE_ECDSA_WITH_AES_128_GCM_SHA256, TLS_ECDHE_RSA_WITH_AES_256_GCM_SHA384, TLS_RSA_WITH_AES_256_GCM_SHA384, TLS_ECDH_ECDSA_WITH_AES_256_GCM_SHA384, TLS_ECDH_RSA_WITH_AES_256_GCM_SHA384, TLS_DHE_RSA_WITH_AES_256_GCM_SHA384, TLS_DHE_DSS_WITH_AES_256_GCM_SHA384, TLS_ECDHE_RSA_WITH_AES_128_GCM_SHA256, TLS_RSA_WITH_AES_128_GCM_SHA256, TLS_ECDH_ECDSA_WITH_AES_128_GCM_SHA256, TLS_ECDH_RSA_WITH_AES_128_GCM_SHA256, TLS_DHE_RSA_WITH_AES_128_GCM_SHA256, TLS_DHE_DSS_WITH_AES_128_GCM_SHA256]
[2019-03-18T18:46:22.963][Instance 1][Port 49295] [2019-03-18T18:46:22.958]Starting handshake
[2019-03-18T18:46:22.988][Instance 1][Port 49295] [2019-03-18T18:46:22.973]Enabled protocols: [TLSv1, TLSv1.1, TLSv1.2]
[2019-03-18T18:46:22.989][Instance 1][Port 49295] [2019-03-18T18:46:22.973]Enabled cipher suites:[TLS_ECDHE_ECDSA_WITH_AES_256_CBC_SHA384, TLS_ECDHE_RSA_WITH_AES_256_CBC_SHA384, TLS_RSA_WITH_AES_256_CBC_SHA256, TLS_ECDH_ECDSA_WITH_AES_256_CBC_SHA384, TLS_ECDH_RSA_WITH_AES_256_CBC_SHA384, TLS_DHE_RSA_WITH_AES_256_CBC_SHA256, TLS_DHE_DSS_WITH_AES_256_CBC_SHA256, TLS_ECDHE_ECDSA_WITH_AES_256_CBC_SHA, TLS_ECDHE_RSA_WITH_AES_256_CBC_SHA, TLS_RSA_WITH_AES_256_CBC_SHA, TLS_ECDH_ECDSA_WITH_AES_256_CBC_SHA, TLS_ECDH_RSA_WITH_AES_256_CBC_SHA, TLS_DHE_RSA_WITH_AES_256_CBC_SHA, TLS_DHE_DSS_WITH_AES_256_CBC_SHA, TLS_ECDHE_ECDSA_WITH_AES_128_CBC_SHA256, TLS_ECDHE_RSA_WITH_AES_128_CBC_SHA256, TLS_RSA_WITH_AES_128_CBC_SHA256, TLS_ECDH_ECDSA_WITH_AES_128_CBC_SHA256, TLS_ECDH_RSA_WITH_AES_128_CBC_SHA256, TLS_DHE_RSA_WITH_AES_128_CBC_SHA256, TLS_DHE_DSS_WITH_AES_128_CBC_SHA256, TLS_ECDHE_ECDSA_WITH_AES_128_CBC_SHA, TLS_ECDHE_RSA_WITH_AES_128_CBC_SHA, TLS_RSA_WITH_AES_128_CBC_SHA, TLS_ECDH_ECDSA_WITH_AES_128_CBC_SHA, TLS_ECDH_RSA_WITH_AES_128_CBC_SHA, TLS_DHE_RSA_WITH_AES_128_CBC_SHA, TLS_DHE_DSS_WITH_AES_128_CBC_SHA, TLS_ECDHE_ECDSA_WITH_AES_256_GCM_SHA384, TLS_ECDHE_ECDSA_WITH_AES_128_GCM_SHA256, TLS_ECDHE_RSA_WITH_AES_256_GCM_SHA384, TLS_RSA_WITH_AES_256_GCM_SHA384, TLS_ECDH_ECDSA_WITH_AES_256_GCM_SHA384, TLS_ECDH_RSA_WITH_AES_256_GCM_SHA384, TLS_DHE_RSA_WITH_AES_256_GCM_SHA384, TLS_DHE_DSS_WITH_AES_256_GCM_SHA384, TLS_ECDHE_RSA_WITH_AES_128_GCM_SHA256, TLS_RSA_WITH_AES_128_GCM_SHA256, TLS_ECDH_ECDSA_WITH_AES_128_GCM_SHA256, TLS_ECDH_RSA_WITH_AES_128_GCM_SHA256, TLS_DHE_RSA_WITH_AES_128_GCM_SHA256, TLS_DHE_DSS_WITH_AES_128_GCM_SHA256]
[2019-03-18T18:46:22.989][Instance 1][Port 49295] [2019-03-18T18:46:22.974]Starting handshake
[2019-03-18T18:46:22.989][Instance 1][Port 49295] [2019-03-18T18:46:22.974]Secure session established
[2019-03-18T18:46:22.989][Instance 1][Port 49295] [2019-03-18T18:46:22.974] negotiated protocol: TLSv1.2
[2019-03-18T18:46:22.989][Instance 1][Port 49295] [2019-03-18T18:46:22.974] negotiated cipher suite: TLS_ECDHE_RSA_WITH_AES_256_CBC_SHA384
[2019-03-18T18:46:22.989][Instance 1][Port 49295] [2019-03-18T18:46:22.975] peer principal: OU=LittleProxy MITM, O=Impersonated Certificate, CN=learn.zybooks.com
[2019-03-18T18:46:22.989][Instance 1][Port 49295] [2019-03-18T18:46:22.975] peer alternative names: [learn.zybooks.com]
[2019-03-18T18:46:22.990][Instance 1][Port 49295] [2019-03-18T18:46:22.976] issuer principal: O=LittleProxy RSA Impersonation CA, CN=LittleProxy MITM
[2019-03-18T18:46:22.990][Instance 1][Port 49295] [2019-03-18T18:46:22.979]Secure session established
[2019-03-18T18:46:22.990][Instance 1][Port 49295] [2019-03-18T18:46:22.979]Secure session established
[2019-03-18T18:46:22.990][Instance 1][Port 49295] [2019-03-18T18:46:22.979] negotiated protocol: TLSv1.2
[2019-03-18T18:46:22.990][Instance 1][Port 49295] [2019-03-18T18:46:22.979] negotiated protocol: TLSv1.2
[2019-03-18T18:46:22.990][Instance 1][Port 49295] [2019-03-18T18:46:22.979] negotiated cipher suite: TLS_ECDHE_RSA_WITH_AES_256_CBC_SHA384
[2019-03-18T18:46:22.990][Instance 1][Port 49295] [2019-03-18T18:46:22.979] negotiated cipher suite: TLS_ECDHE_RSA_WITH_AES_256_CBC_SHA384
[2019-03-18T18:46:22.990][Instance 1][Port 49295] [2019-03-18T18:46:22.980] peer principal: OU=LittleProxy MITM, O=Impersonated Certificate, CN=learn.zybooks.com
[2019-03-18T18:46:22.990][Instance 1][Port 49295] [2019-03-18T18:46:22.980] peer principal: OU=LittleProxy MITM, O=Impersonated Certificate, CN=learn.zybooks.com
[2019-03-18T18:46:22.991][Instance 1][Port 49295] [2019-03-18T18:46:22.980] peer alternative names: [learn.zybooks.com]
[2019-03-18T18:46:22.991][Instance 1][Port 49295] [2019-03-18T18:46:22.980] peer alternative names: [learn.zybooks.com]
[2019-03-18T18:46:22.991][Instance 1][Port 49295] [2019-03-18T18:46:22.980] issuer principal: O=LittleProxy RSA Impersonation CA, CN=LittleProxy MITM
[2019-03-18T18:46:22.991][Instance 1][Port 49295] [2019-03-18T18:46:22.980] issuer principal: O=LittleProxy RSA Impersonation CA, CN=LittleProxy MITM
[2019-03-18T18:46:22.995][Instance 1][Port 49295] [2019-03-18T18:46:22.994]Secure session established
[2019-03-18T18:46:22.995][Instance 1][Port 49295] [2019-03-18T18:46:22.995] negotiated protocol: TLSv1.2
[2019-03-18T18:46:22.997][Instance 1][Port 49295] [2019-03-18T18:46:22.995] negotiated cipher suite: TLS_ECDHE_RSA_WITH_AES_256_CBC_SHA384
[2019-03-18T18:46:22.997][Instance 1][Port 49295] [2019-03-18T18:46:22.995] peer principal: OU=LittleProxy MITM, O=Impersonated Certificate, CN=learn.zybooks.com
[2019-03-18T18:46:22.997][Instance 1][Port 49295] [2019-03-18T18:46:22.996] peer alternative names: [learn.zybooks.com]
[2019-03-18T18:46:22.997][Instance 1][Port 49295] [2019-03-18T18:46:22.996] issuer principal: O=LittleProxy RSA Impersonation CA, CN=LittleProxy MITM
[2019-03-18T18:46:23.018][Instance 1][Port 49295] [2019-03-18T18:46:23.016]Enabled protocols: [TLSv1, TLSv1.1, TLSv1.2]
[2019-03-18T18:46:23.018][Instance 1][Port 49295] [2019-03-18T18:46:23.016]Enabled cipher suites:[TLS_ECDHE_ECDSA_WITH_AES_256_CBC_SHA384, TLS_ECDHE_RSA_WITH_AES_256_CBC_SHA384, TLS_RSA_WITH_AES_256_CBC_SHA256, TLS_ECDH_ECDSA_WITH_AES_256_CBC_SHA384, TLS_ECDH_RSA_WITH_AES_256_CBC_SHA384, TLS_DHE_RSA_WITH_AES_256_CBC_SHA256, TLS_DHE_DSS_WITH_AES_256_CBC_SHA256, TLS_ECDHE_ECDSA_WITH_AES_256_CBC_SHA, TLS_ECDHE_RSA_WITH_AES_256_CBC_SHA, TLS_RSA_WITH_AES_256_CBC_SHA, TLS_ECDH_ECDSA_WITH_AES_256_CBC_SHA, TLS_ECDH_RSA_WITH_AES_256_CBC_SHA, TLS_DHE_RSA_WITH_AES_256_CBC_SHA, TLS_DHE_DSS_WITH_AES_256_CBC_SHA, TLS_ECDHE_ECDSA_WITH_AES_128_CBC_SHA256, TLS_ECDHE_RSA_WITH_AES_128_CBC_SHA256, TLS_RSA_WITH_AES_128_CBC_SHA256, TLS_ECDH_ECDSA_WITH_AES_128_CBC_SHA256, TLS_ECDH_RSA_WITH_AES_128_CBC_SHA256, TLS_DHE_RSA_WITH_AES_128_CBC_SHA256, TLS_DHE_DSS_WITH_AES_128_CBC_SHA256, TLS_ECDHE_ECDSA_WITH_AES_128_CBC_SHA, TLS_ECDHE_RSA_WITH_AES_128_CBC_SHA, TLS_RSA_WITH_AES_128_CBC_SHA, TLS_ECDH_ECDSA_WITH_AES_128_CBC_SHA, TLS_ECDH_RSA_WITH_AES_128_CBC_SHA, TLS_DHE_RSA_WITH_AES_128_CBC_SHA, TLS_DHE_DSS_WITH_AES_128_CBC_SHA, TLS_ECDHE_ECDSA_WITH_AES_256_GCM_SHA384, TLS_ECDHE_ECDSA_WITH_AES_128_GCM_SHA256, TLS_ECDHE_RSA_WITH_AES_256_GCM_SHA384, TLS_RSA_WITH_AES_256_GCM_SHA384, TLS_ECDH_ECDSA_WITH_AES_256_GCM_SHA384, TLS_ECDH_RSA_WITH_AES_256_GCM_SHA384, TLS_DHE_RSA_WITH_AES_256_GCM_SHA384, TLS_DHE_DSS_WITH_AES_256_GCM_SHA384, TLS_ECDHE_RSA_WITH_AES_128_GCM_SHA256, TLS_RSA_WITH_AES_128_GCM_SHA256, TLS_ECDH_ECDSA_WITH_AES_128_GCM_SHA256, TLS_ECDH_RSA_WITH_AES_128_GCM_SHA256, TLS_DHE_RSA_WITH_AES_128_GCM_SHA256, TLS_DHE_DSS_WITH_AES_128_GCM_SHA256]
[2019-03-18T18:46:23.019][Instance 1][Port 49295] [2019-03-18T18:46:23.016]Starting handshake
[2019-03-18T18:46:23.061][Instance 1][Port 49295] [2019-03-18T18:46:23.050]Enabled protocols: [TLSv1, TLSv1.1, TLSv1.2]
[2019-03-18T18:46:23.061][Instance 1][Port 49295] [2019-03-18T18:46:23.050]Enabled cipher suites:[TLS_ECDHE_ECDSA_WITH_AES_256_CBC_SHA384, TLS_ECDHE_RSA_WITH_AES_256_CBC_SHA384, TLS_RSA_WITH_AES_256_CBC_SHA256, TLS_ECDH_ECDSA_WITH_AES_256_CBC_SHA384, TLS_ECDH_RSA_WITH_AES_256_CBC_SHA384, TLS_DHE_RSA_WITH_AES_256_CBC_SHA256, TLS_DHE_DSS_WITH_AES_256_CBC_SHA256, TLS_ECDHE_ECDSA_WITH_AES_256_CBC_SHA, TLS_ECDHE_RSA_WITH_AES_256_CBC_SHA, TLS_RSA_WITH_AES_256_CBC_SHA, TLS_ECDH_ECDSA_WITH_AES_256_CBC_SHA, TLS_ECDH_RSA_WITH_AES_256_CBC_SHA, TLS_DHE_RSA_WITH_AES_256_CBC_SHA, TLS_DHE_DSS_WITH_AES_256_CBC_SHA, TLS_ECDHE_ECDSA_WITH_AES_128_CBC_SHA256, TLS_ECDHE_RSA_WITH_AES_128_CBC_SHA256, TLS_RSA_WITH_AES_128_CBC_SHA256, TLS_ECDH_ECDSA_WITH_AES_128_CBC_SHA256, TLS_ECDH_RSA_WITH_AES_128_CBC_SHA256, TLS_DHE_RSA_WITH_AES_128_CBC_SHA256, TLS_DHE_DSS_WITH_AES_128_CBC_SHA256, TLS_ECDHE_ECDSA_WITH_AES_128_CBC_SHA, TLS_ECDHE_RSA_WITH_AES_128_CBC_SHA, TLS_RSA_WITH_AES_128_CBC_SHA, TLS_ECDH_ECDSA_WITH_AES_128_CBC_SHA, TLS_ECDH_RSA_WITH_AES_128_CBC_SHA, TLS_DHE_RSA_WITH_AES_128_CBC_SHA, TLS_DHE_DSS_WITH_AES_128_CBC_SHA, TLS_ECDHE_ECDSA_WITH_AES_256_GCM_SHA384, TLS_ECDHE_ECDSA_WITH_AES_128_GCM_SHA256, TLS_ECDHE_RSA_WITH_AES_256_GCM_SHA384, TLS_RSA_WITH_AES_256_GCM_SHA384, TLS_ECDH_ECDSA_WITH_AES_256_GCM_SHA384, TLS_ECDH_RSA_WITH_AES_256_GCM_SHA384, TLS_DHE_RSA_WITH_AES_256_GCM_SHA384, TLS_DHE_DSS_WITH_AES_256_GCM_SHA384, TLS_ECDHE_RSA_WITH_AES_128_GCM_SHA256, TLS_RSA_WITH_AES_128_GCM_SHA256, TLS_ECDH_ECDSA_WITH_AES_128_GCM_SHA256, TLS_ECDH_RSA_WITH_AES_128_GCM_SHA256, TLS_DHE_RSA_WITH_AES_128_GCM_SHA256, TLS_DHE_DSS_WITH_AES_128_GCM_SHA256]
[2019-03-18T18:46:23.132][Instance 1][Port 49295] [2019-03-18T18:46:23.051]Starting handshake
[2019-03-18T18:46:23.142][Instance 1][Port 49295] [2019-03-18T18:46:23.056]Enabled protocols: [TLSv1, TLSv1.1, TLSv1.2]
[2019-03-18T18:46:23.142][Instance 1][Port 49295] [2019-03-18T18:46:23.057]Enabled cipher suites:[TLS_ECDHE_ECDSA_WITH_AES_256_CBC_SHA384, TLS_ECDHE_RSA_WITH_AES_256_CBC_SHA384, TLS_RSA_WITH_AES_256_CBC_SHA256, TLS_ECDH_ECDSA_WITH_AES_256_CBC_SHA384, TLS_ECDH_RSA_WITH_AES_256_CBC_SHA384, TLS_DHE_RSA_WITH_AES_256_CBC_SHA256, TLS_DHE_DSS_WITH_AES_256_CBC_SHA256, TLS_ECDHE_ECDSA_WITH_AES_256_CBC_SHA, TLS_ECDHE_RSA_WITH_AES_256_CBC_SHA, TLS_RSA_WITH_AES_256_CBC_SHA, TLS_ECDH_ECDSA_WITH_AES_256_CBC_SHA, TLS_ECDH_RSA_WITH_AES_256_CBC_SHA, TLS_DHE_RSA_WITH_AES_256_CBC_SHA, TLS_DHE_DSS_WITH_AES_256_CBC_SHA, TLS_ECDHE_ECDSA_WITH_AES_128_CBC_SHA256, TLS_ECDHE_RSA_WITH_AES_128_CBC_SHA256, TLS_RSA_WITH_AES_128_CBC_SHA256, TLS_ECDH_ECDSA_WITH_AES_128_CBC_SHA256, TLS_ECDH_RSA_WITH_AES_128_CBC_SHA256, TLS_DHE_RSA_WITH_AES_128_CBC_SHA256, TLS_DHE_DSS_WITH_AES_128_CBC_SHA256, TLS_ECDHE_ECDSA_WITH_AES_128_CBC_SHA, TLS_ECDHE_RSA_WITH_AES_128_CBC_SHA, TLS_RSA_WITH_AES_128_CBC_SHA, TLS_ECDH_ECDSA_WITH_AES_128_CBC_SHA, TLS_ECDH_RSA_WITH_AES_128_CBC_SHA, TLS_DHE_RSA_WITH_AES_128_CBC_SHA, TLS_DHE_DSS_WITH_AES_128_CBC_SHA, TLS_ECDHE_ECDSA_WITH_AES_256_GCM_SHA384, TLS_ECDHE_ECDSA_WITH_AES_128_GCM_SHA256, TLS_ECDHE_RSA_WITH_AES_256_GCM_SHA384, TLS_RSA_WITH_AES_256_GCM_SHA384, TLS_ECDH_ECDSA_WITH_AES_256_GCM_SHA384, TLS_ECDH_RSA_WITH_AES_256_GCM_SHA384, TLS_DHE_RSA_WITH_AES_256_GCM_SHA384, TLS_DHE_DSS_WITH_AES_256_GCM_SHA384, TLS_ECDHE_RSA_WITH_AES_128_GCM_SHA256, TLS_RSA_WITH_AES_128_GCM_SHA256, TLS_ECDH_ECDSA_WITH_AES_128_GCM_SHA256, TLS_ECDH_RSA_WITH_AES_128_GCM_SHA256, TLS_DHE_RSA_WITH_AES_128_GCM_SHA256, TLS_DHE_DSS_WITH_AES_128_GCM_SHA256]
[2019-03-18T18:46:23.143][Instance 1][Port 49295] [2019-03-18T18:46:23.057]Starting handshake
[2019-03-18T18:46:23.143][Instance 1][Port 49295] [2019-03-18T18:46:23.101]Enabled protocols: [TLSv1, TLSv1.1, TLSv1.2]
[2019-03-18T18:46:23.143][Instance 1][Port 49295] [2019-03-18T18:46:23.102]Enabled cipher suites:[TLS_ECDHE_ECDSA_WITH_AES_256_CBC_SHA384, TLS_ECDHE_RSA_WITH_AES_256_CBC_SHA384, TLS_RSA_WITH_AES_256_CBC_SHA256, TLS_ECDH_ECDSA_WITH_AES_256_CBC_SHA384, TLS_ECDH_RSA_WITH_AES_256_CBC_SHA384, TLS_DHE_RSA_WITH_AES_256_CBC_SHA256, TLS_DHE_DSS_WITH_AES_256_CBC_SHA256, TLS_ECDHE_ECDSA_WITH_AES_256_CBC_SHA, TLS_ECDHE_RSA_WITH_AES_256_CBC_SHA, TLS_RSA_WITH_AES_256_CBC_SHA, TLS_ECDH_ECDSA_WITH_AES_256_CBC_SHA, TLS_ECDH_RSA_WITH_AES_256_CBC_SHA, TLS_DHE_RSA_WITH_AES_256_CBC_SHA, TLS_DHE_DSS_WITH_AES_256_CBC_SHA, TLS_ECDHE_ECDSA_WITH_AES_128_CBC_SHA256, TLS_ECDHE_RSA_WITH_AES_128_CBC_SHA256, TLS_RSA_WITH_AES_128_CBC_SHA256, TLS_ECDH_ECDSA_WITH_AES_128_CBC_SHA256, TLS_ECDH_RSA_WITH_AES_128_CBC_SHA256, TLS_DHE_RSA_WITH_AES_128_CBC_SHA256, TLS_DHE_DSS_WITH_AES_128_CBC_SHA256, TLS_ECDHE_ECDSA_WITH_AES_128_CBC_SHA, TLS_ECDHE_RSA_WITH_AES_128_CBC_SHA, TLS_RSA_WITH_AES_128_CBC_SHA, TLS_ECDH_ECDSA_WITH_AES_128_CBC_SHA, TLS_ECDH_RSA_WITH_AES_128_CBC_SHA, TLS_DHE_RSA_WITH_AES_128_CBC_SHA, TLS_DHE_DSS_WITH_AES_128_CBC_SHA, TLS_ECDHE_ECDSA_WITH_AES_256_GCM_SHA384, TLS_ECDHE_ECDSA_WITH_AES_128_GCM_SHA256, TLS_ECDHE_RSA_WITH_AES_256_GCM_SHA384, TLS_RSA_WITH_AES_256_GCM_SHA384, TLS_ECDH_ECDSA_WITH_AES_256_GCM_SHA384, TLS_ECDH_RSA_WITH_AES_256_GCM_SHA384, TLS_DHE_RSA_WITH_AES_256_GCM_SHA384, TLS_DHE_DSS_WITH_AES_256_GCM_SHA384, TLS_ECDHE_RSA_WITH_AES_128_GCM_SHA256, TLS_RSA_WITH_AES_128_GCM_SHA256, TLS_ECDH_ECDSA_WITH_AES_128_GCM_SHA256, TLS_ECDH_RSA_WITH_AES_128_GCM_SHA256, TLS_DHE_RSA_WITH_AES_128_GCM_SHA256, TLS_DHE_DSS_WITH_AES_128_GCM_SHA256]
[2019-03-18T18:46:23.144][Instance 1][Port 49295] [2019-03-18T18:46:23.102]Starting handshake
[2019-03-18T18:46:23.167][Instance 1][Port 49295] [2019-03-18T18:46:23.167]Enabled protocols: [TLSv1, TLSv1.1, TLSv1.2]
[2019-03-18T18:46:23.168][Instance 1][Port 49295] [2019-03-18T18:46:23.167]Enabled cipher suites:[TLS_ECDHE_ECDSA_WITH_AES_256_CBC_SHA384, TLS_ECDHE_RSA_WITH_AES_256_CBC_SHA384, TLS_RSA_WITH_AES_256_CBC_SHA256, TLS_ECDH_ECDSA_WITH_AES_256_CBC_SHA384, TLS_ECDH_RSA_WITH_AES_256_CBC_SHA384, TLS_DHE_RSA_WITH_AES_256_CBC_SHA256, TLS_DHE_DSS_WITH_AES_256_CBC_SHA256, TLS_ECDHE_ECDSA_WITH_AES_256_CBC_SHA, TLS_ECDHE_RSA_WITH_AES_256_CBC_SHA, TLS_RSA_WITH_AES_256_CBC_SHA, TLS_ECDH_ECDSA_WITH_AES_256_CBC_SHA, TLS_ECDH_RSA_WITH_AES_256_CBC_SHA, TLS_DHE_RSA_WITH_AES_256_CBC_SHA, TLS_DHE_DSS_WITH_AES_256_CBC_SHA, TLS_ECDHE_ECDSA_WITH_AES_128_CBC_SHA256, TLS_ECDHE_RSA_WITH_AES_128_CBC_SHA256, TLS_RSA_WITH_AES_128_CBC_SHA256, TLS_ECDH_ECDSA_WITH_AES_128_CBC_SHA256, TLS_ECDH_RSA_WITH_AES_128_CBC_SHA256, TLS_DHE_RSA_WITH_AES_128_CBC_SHA256, TLS_DHE_DSS_WITH_AES_128_CBC_SHA256, TLS_ECDHE_ECDSA_WITH_AES_128_CBC_SHA, TLS_ECDHE_RSA_WITH_AES_128_CBC_SHA, TLS_RSA_WITH_AES_128_CBC_SHA, TLS_ECDH_ECDSA_WITH_AES_128_CBC_SHA, TLS_ECDH_RSA_WITH_AES_128_CBC_SHA, TLS_DHE_RSA_WITH_AES_128_CBC_SHA, TLS_DHE_DSS_WITH_AES_128_CBC_SHA, TLS_ECDHE_ECDSA_WITH_AES_256_GCM_SHA384, TLS_ECDHE_ECDSA_WITH_AES_128_GCM_SHA256, TLS_ECDHE_RSA_WITH_AES_256_GCM_SHA384, TLS_RSA_WITH_AES_256_GCM_SHA384, TLS_ECDH_ECDSA_WITH_AES_256_GCM_SHA384, TLS_ECDH_RSA_WITH_AES_256_GCM_SHA384, TLS_DHE_RSA_WITH_AES_256_GCM_SHA384, TLS_DHE_DSS_WITH_AES_256_GCM_SHA384, TLS_ECDHE_RSA_WITH_AES_128_GCM_SHA256, TLS_RSA_WITH_AES_128_GCM_SHA256, TLS_ECDH_ECDSA_WITH_AES_128_GCM_SHA256, TLS_ECDH_RSA_WITH_AES_128_GCM_SHA256, TLS_DHE_RSA_WITH_AES_128_GCM_SHA256, TLS_DHE_DSS_WITH_AES_128_GCM_SHA256]
[2019-03-18T18:46:23.168][Instance 1][Port 49295] [2019-03-18T18:46:23.167]Starting handshake
[2019-03-18T18:46:23.791][Instance 1][Port 49295] [2019-03-18T18:46:23.790]Secure session established
[2019-03-18T18:46:23.791][Instance 1][Port 49295] [2019-03-18T18:46:23.791] negotiated protocol: TLSv1.2
[2019-03-18T18:46:23.791][Instance 1][Port 49295] [2019-03-18T18:46:23.791] negotiated cipher suite: TLS_ECDHE_RSA_WITH_AES_256_CBC_SHA384
[2019-03-18T18:46:23.792][Instance 1][Port 49295] [2019-03-18T18:46:23.791] peer principal: OU=LittleProxy MITM, O=Impersonated Certificate, CN=fonts.googleapis.com
[2019-03-18T18:46:23.792][Instance 1][Port 49295] [2019-03-18T18:46:23.792] peer alternative names: [fonts.googleapis.com]
[2019-03-18T18:46:23.792][Instance 1][Port 49295] [2019-03-18T18:46:23.792] issuer principal: O=LittleProxy RSA Impersonation CA, CN=LittleProxy MITM
[2019-03-18T18:46:23.802][Instance 1][Port 49295] [2019-03-18T18:46:23.801]Secure session established
[2019-03-18T18:46:23.802][Instance 1][Port 49295] [2019-03-18T18:46:23.802] negotiated protocol: TLSv1.2
[2019-03-18T18:46:23.802][Instance 1][Port 49295] [2019-03-18T18:46:23.802] negotiated cipher suite: TLS_ECDHE_RSA_WITH_AES_256_CBC_SHA384
[2019-03-18T18:46:23.803][Instance 1][Port 49295] [2019-03-18T18:46:23.802] peer principal: OU=LittleProxy MITM, O=Impersonated Certificate, CN=fonts.googleapis.com
[2019-03-18T18:46:23.803][Instance 1][Port 49295] [2019-03-18T18:46:23.803] peer alternative names: [fonts.googleapis.com]
[2019-03-18T18:46:23.803][Instance 1][Port 49295] [2019-03-18T18:46:23.803] issuer principal: O=LittleProxy RSA Impersonation CA, CN=LittleProxy MITM
[2019-03-18T18:46:23.961][Instance 1][Port 49295] [2019-03-18T18:46:23.961]Secure session established
[2019-03-18T18:46:23.961][Instance 1][Port 49295] [2019-03-18T18:46:23.961] negotiated protocol: TLSv1.2
[2019-03-18T18:46:23.961][Instance 1][Port 49295] [2019-03-18T18:46:23.961] negotiated cipher suite: TLS_ECDHE_RSA_WITH_AES_256_CBC_SHA384
[2019-03-18T18:46:23.962][Instance 1][Port 49295] [2019-03-18T18:46:23.961] peer principal: OU=LittleProxy MITM, O=Impersonated Certificate, CN=mathjax.zybooks.com
[2019-03-18T18:46:23.962][Instance 1][Port 49295] [2019-03-18T18:46:23.962] peer alternative names: [mathjax.zybooks.com]
[2019-03-18T18:46:23.963][Instance 1][Port 49295] [2019-03-18T18:46:23.962] issuer principal: O=LittleProxy RSA Impersonation CA, CN=LittleProxy MITM
[2019-03-18T18:46:24.165][Instance 1][Port 49295] [2019-03-18T18:46:24.164]Secure session established
[2019-03-18T18:46:24.165][Instance 1][Port 49295] [2019-03-18T18:46:24.165] negotiated protocol: TLSv1.2
[2019-03-18T18:46:24.165][Instance 1][Port 49295] [2019-03-18T18:46:24.165] negotiated cipher suite: TLS_ECDHE_RSA_WITH_AES_256_CBC_SHA384
[2019-03-18T18:46:24.166][Instance 1][Port 49295] [2019-03-18T18:46:24.165] peer principal: OU=LittleProxy MITM, O=Impersonated Certificate, CN=js.stripe.com
[2019-03-18T18:46:24.166][Instance 1][Port 49295] [2019-03-18T18:46:24.166] peer alternative names: [js.stripe.com]
[2019-03-18T18:46:24.166][Instance 1][Port 49295] [2019-03-18T18:46:24.166] issuer principal: O=LittleProxy RSA Impersonation CA, CN=LittleProxy MITM
[2019-03-18T18:46:24.331][Instance 1][Port 49295] [2019-03-18T18:46:24.331]Secure session established
[2019-03-18T18:46:24.333][Instance 1][Port 49295] [2019-03-18T18:46:24.331] negotiated protocol: TLSv1.2
[2019-03-18T18:46:24.333][Instance 1][Port 49295] [2019-03-18T18:46:24.333] negotiated cipher suite: TLS_ECDHE_RSA_WITH_AES_256_CBC_SHA384
[2019-03-18T18:46:24.333][Instance 1][Port 49295] [2019-03-18T18:46:24.333] peer principal: OU=LittleProxy MITM, O=Impersonated Certificate, CN=checkout.stripe.com
[2019-03-18T18:46:24.333][Instance 1][Port 49295] [2019-03-18T18:46:24.333] peer alternative names: [checkout.stripe.com]
[2019-03-18T18:46:24.333][Instance 1][Port 49295] [2019-03-18T18:46:24.333] issuer principal: O=LittleProxy RSA Impersonation CA, CN=LittleProxy MITM
[2019-03-18T18:46:25.892][Instance 1][Port 49295] [2019-03-18T18:46:25.892]Enabled protocols: [TLSv1, TLSv1.1, TLSv1.2]
[2019-03-18T18:46:25.893][Instance 1][Port 49295] [2019-03-18T18:46:25.892]Enabled cipher suites:[TLS_ECDHE_ECDSA_WITH_AES_256_CBC_SHA384, TLS_ECDHE_RSA_WITH_AES_256_CBC_SHA384, TLS_RSA_WITH_AES_256_CBC_SHA256, TLS_ECDH_ECDSA_WITH_AES_256_CBC_SHA384, TLS_ECDH_RSA_WITH_AES_256_CBC_SHA384, TLS_DHE_RSA_WITH_AES_256_CBC_SHA256, TLS_DHE_DSS_WITH_AES_256_CBC_SHA256, TLS_ECDHE_ECDSA_WITH_AES_256_CBC_SHA, TLS_ECDHE_RSA_WITH_AES_256_CBC_SHA, TLS_RSA_WITH_AES_256_CBC_SHA, TLS_ECDH_ECDSA_WITH_AES_256_CBC_SHA, TLS_ECDH_RSA_WITH_AES_256_CBC_SHA, TLS_DHE_RSA_WITH_AES_256_CBC_SHA, TLS_DHE_DSS_WITH_AES_256_CBC_SHA, TLS_ECDHE_ECDSA_WITH_AES_128_CBC_SHA256, TLS_ECDHE_RSA_WITH_AES_128_CBC_SHA256, TLS_RSA_WITH_AES_128_CBC_SHA256, TLS_ECDH_ECDSA_WITH_AES_128_CBC_SHA256, TLS_ECDH_RSA_WITH_AES_128_CBC_SHA256, TLS_DHE_RSA_WITH_AES_128_CBC_SHA256, TLS_DHE_DSS_WITH_AES_128_CBC_SHA256, TLS_ECDHE_ECDSA_WITH_AES_128_CBC_SHA, TLS_ECDHE_RSA_WITH_AES_128_CBC_SHA, TLS_RSA_WITH_AES_128_CBC_SHA, TLS_ECDH_ECDSA_WITH_AES_128_CBC_SHA, TLS_ECDH_RSA_WITH_AES_128_CBC_SHA, TLS_DHE_RSA_WITH_AES_128_CBC_SHA, TLS_DHE_DSS_WITH_AES_128_CBC_SHA, TLS_ECDHE_ECDSA_WITH_AES_256_GCM_SHA384, TLS_ECDHE_ECDSA_WITH_AES_128_GCM_SHA256, TLS_ECDHE_RSA_WITH_AES_256_GCM_SHA384, TLS_RSA_WITH_AES_256_GCM_SHA384, TLS_ECDH_ECDSA_WITH_AES_256_GCM_SHA384, TLS_ECDH_RSA_WITH_AES_256_GCM_SHA384, TLS_DHE_RSA_WITH_AES_256_GCM_SHA384, TLS_DHE_DSS_WITH_AES_256_GCM_SHA384, TLS_ECDHE_RSA_WITH_AES_128_GCM_SHA256, TLS_RSA_WITH_AES_128_GCM_SHA256, TLS_ECDH_ECDSA_WITH_AES_128_GCM_SHA256, TLS_ECDH_RSA_WITH_AES_128_GCM_SHA256, TLS_DHE_RSA_WITH_AES_128_GCM_SHA256, TLS_DHE_DSS_WITH_AES_128_GCM_SHA256]
[2019-03-18T18:46:25.893][Instance 1][Port 49295] [2019-03-18T18:46:25.893]Starting handshake
[2019-03-18T18:46:25.909][Instance 1][Port 49295] [2019-03-18T18:46:25.909]Enabled protocols: [TLSv1, TLSv1.1, TLSv1.2]
[2019-03-18T18:46:25.910][Instance 1][Port 49295] [2019-03-18T18:46:25.909]Enabled cipher suites:[TLS_ECDHE_ECDSA_WITH_AES_256_CBC_SHA384, TLS_ECDHE_RSA_WITH_AES_256_CBC_SHA384, TLS_RSA_WITH_AES_256_CBC_SHA256, TLS_ECDH_ECDSA_WITH_AES_256_CBC_SHA384, TLS_ECDH_RSA_WITH_AES_256_CBC_SHA384, TLS_DHE_RSA_WITH_AES_256_CBC_SHA256, TLS_DHE_DSS_WITH_AES_256_CBC_SHA256, TLS_ECDHE_ECDSA_WITH_AES_256_CBC_SHA, TLS_ECDHE_RSA_WITH_AES_256_CBC_SHA, TLS_RSA_WITH_AES_256_CBC_SHA, TLS_ECDH_ECDSA_WITH_AES_256_CBC_SHA, TLS_ECDH_RSA_WITH_AES_256_CBC_SHA, TLS_DHE_RSA_WITH_AES_256_CBC_SHA, TLS_DHE_DSS_WITH_AES_256_CBC_SHA, TLS_ECDHE_ECDSA_WITH_AES_128_CBC_SHA256, TLS_ECDHE_RSA_WITH_AES_128_CBC_SHA256, TLS_RSA_WITH_AES_128_CBC_SHA256, TLS_ECDH_ECDSA_WITH_AES_128_CBC_SHA256, TLS_ECDH_RSA_WITH_AES_128_CBC_SHA256, TLS_DHE_RSA_WITH_AES_128_CBC_SHA256, TLS_DHE_DSS_WITH_AES_128_CBC_SHA256, TLS_ECDHE_ECDSA_WITH_AES_128_CBC_SHA, TLS_ECDHE_RSA_WITH_AES_128_CBC_SHA, TLS_RSA_WITH_AES_128_CBC_SHA, TLS_ECDH_ECDSA_WITH_AES_128_CBC_SHA, TLS_ECDH_RSA_WITH_AES_128_CBC_SHA, TLS_DHE_RSA_WITH_AES_128_CBC_SHA, TLS_DHE_DSS_WITH_AES_128_CBC_SHA, TLS_ECDHE_ECDSA_WITH_AES_256_GCM_SHA384, TLS_ECDHE_ECDSA_WITH_AES_128_GCM_SHA256, TLS_ECDHE_RSA_WITH_AES_256_GCM_SHA384, TLS_RSA_WITH_AES_256_GCM_SHA384, TLS_ECDH_ECDSA_WITH_AES_256_GCM_SHA384, TLS_ECDH_RSA_WITH_AES_256_GCM_SHA384, TLS_DHE_RSA_WITH_AES_256_GCM_SHA384, TLS_DHE_DSS_WITH_AES_256_GCM_SHA384, TLS_ECDHE_RSA_WITH_AES_128_GCM_SHA256, TLS_RSA_WITH_AES_128_GCM_SHA256, TLS_ECDH_ECDSA_WITH_AES_128_GCM_SHA256, TLS_ECDH_RSA_WITH_AES_128_GCM_SHA256, TLS_DHE_RSA_WITH_AES_128_GCM_SHA256, TLS_DHE_DSS_WITH_AES_128_GCM_SHA256]
[2019-03-18T18:46:25.910][Instance 1][Port 49295] [2019-03-18T18:46:25.909]Starting handshake
[2019-03-18T18:46:26.295][Instance 1][Port 49295] [2019-03-18T18:46:26.294]Secure session established
[2019-03-18T18:46:26.295][Instance 1][Port 49295] [2019-03-18T18:46:26.295] negotiated protocol: TLSv1.2
[2019-03-18T18:46:26.295][Instance 1][Port 49295] [2019-03-18T18:46:26.295] negotiated cipher suite: TLS_ECDHE_RSA_WITH_AES_256_CBC_SHA384
[2019-03-18T18:46:26.295][Instance 1][Port 49295] [2019-03-18T18:46:26.295] peer principal: OU=LittleProxy MITM, O=Impersonated Certificate, CN=m.stripe.network
[2019-03-18T18:46:26.296][Instance 1][Port 49295] [2019-03-18T18:46:26.295] peer alternative names: [m.stripe.network]
[2019-03-18T18:46:26.296][Instance 1][Port 49295] [2019-03-18T18:46:26.296] issuer principal: O=LittleProxy RSA Impersonation CA, CN=LittleProxy MITM
[2019-03-18T18:46:26.591][Instance 1][Port 49295] [2019-03-18T18:46:26.591]Secure session established
[2019-03-18T18:46:26.591][Instance 1][Port 49295] [2019-03-18T18:46:26.591] negotiated protocol: TLSv1.2
[2019-03-18T18:46:26.592][Instance 1][Port 49295] [2019-03-18T18:46:26.591] negotiated cipher suite: TLS_ECDHE_RSA_WITH_AES_256_CBC_SHA384
[2019-03-18T18:46:26.592][Instance 1][Port 49295] [2019-03-18T18:46:26.592] peer principal: OU=LittleProxy MITM, O=Impersonated Certificate, CN=www.google-analytics.com
[2019-03-18T18:46:26.592][Instance 1][Port 49295] [2019-03-18T18:46:26.592] peer alternative names: [www.google-analytics.com]
[2019-03-18T18:46:26.592][Instance 1][Port 49295] [2019-03-18T18:46:26.592] issuer principal: O=LittleProxy RSA Impersonation CA, CN=LittleProxy MITM
[2019-03-18T18:46:26.795][Instance 1][Port 49295] [2019-03-18T18:46:26.794]Enabled protocols: [TLSv1, TLSv1.1, TLSv1.2]
[2019-03-18T18:46:26.795][Instance 1][Port 49295] [2019-03-18T18:46:26.794]Enabled cipher suites:[TLS_ECDHE_ECDSA_WITH_AES_256_CBC_SHA384, TLS_ECDHE_RSA_WITH_AES_256_CBC_SHA384, TLS_RSA_WITH_AES_256_CBC_SHA256, TLS_ECDH_ECDSA_WITH_AES_256_CBC_SHA384, TLS_ECDH_RSA_WITH_AES_256_CBC_SHA384, TLS_DHE_RSA_WITH_AES_256_CBC_SHA256, TLS_DHE_DSS_WITH_AES_256_CBC_SHA256, TLS_ECDHE_ECDSA_WITH_AES_256_CBC_SHA, TLS_ECDHE_RSA_WITH_AES_256_CBC_SHA, TLS_RSA_WITH_AES_256_CBC_SHA, TLS_ECDH_ECDSA_WITH_AES_256_CBC_SHA, TLS_ECDH_RSA_WITH_AES_256_CBC_SHA, TLS_DHE_RSA_WITH_AES_256_CBC_SHA, TLS_DHE_DSS_WITH_AES_256_CBC_SHA, TLS_ECDHE_ECDSA_WITH_AES_128_CBC_SHA256, TLS_ECDHE_RSA_WITH_AES_128_CBC_SHA256, TLS_RSA_WITH_AES_128_CBC_SHA256, TLS_ECDH_ECDSA_WITH_AES_128_CBC_SHA256, TLS_ECDH_RSA_WITH_AES_128_CBC_SHA256, TLS_DHE_RSA_WITH_AES_128_CBC_SHA256, TLS_DHE_DSS_WITH_AES_128_CBC_SHA256, TLS_ECDHE_ECDSA_WITH_AES_128_CBC_SHA, TLS_ECDHE_RSA_WITH_AES_128_CBC_SHA, TLS_RSA_WITH_AES_128_CBC_SHA, TLS_ECDH_ECDSA_WITH_AES_128_CBC_SHA, TLS_ECDH_RSA_WITH_AES_128_CBC_SHA, TLS_DHE_RSA_WITH_AES_128_CBC_SHA, TLS_DHE_DSS_WITH_AES_128_CBC_SHA, TLS_ECDHE_ECDSA_WITH_AES_256_GCM_SHA384, TLS_ECDHE_ECDSA_WITH_AES_128_GCM_SHA256, TLS_ECDHE_RSA_WITH_AES_256_GCM_SHA384, TLS_RSA_WITH_AES_256_GCM_SHA384, TLS_ECDH_ECDSA_WITH_AES_256_GCM_SHA384, TLS_ECDH_RSA_WITH_AES_256_GCM_SHA384, TLS_DHE_RSA_WITH_AES_256_GCM_SHA384, TLS_DHE_DSS_WITH_AES_256_GCM_SHA384, TLS_ECDHE_RSA_WITH_AES_128_GCM_SHA256, TLS_RSA_WITH_AES_128_GCM_SHA256, TLS_ECDH_ECDSA_WITH_AES_128_GCM_SHA256, TLS_ECDH_RSA_WITH_AES_128_GCM_SHA256, TLS_DHE_RSA_WITH_AES_128_GCM_SHA256, TLS_DHE_DSS_WITH_AES_128_GCM_SHA256]
[2019-03-18T18:46:26.795][Instance 1][Port 49295] [2019-03-18T18:46:26.795]Starting handshake
[2019-03-18T18:46:26.893][Instance 1][Port 49295] [2019-03-18T18:46:26.892]Enabled protocols: [TLSv1, TLSv1.1, TLSv1.2]
[2019-03-18T18:46:26.893][Instance 1][Port 49295] [2019-03-18T18:46:26.893]Enabled cipher suites:[TLS_ECDHE_ECDSA_WITH_AES_256_CBC_SHA384, TLS_ECDHE_RSA_WITH_AES_256_CBC_SHA384, TLS_RSA_WITH_AES_256_CBC_SHA256, TLS_ECDH_ECDSA_WITH_AES_256_CBC_SHA384, TLS_ECDH_RSA_WITH_AES_256_CBC_SHA384, TLS_DHE_RSA_WITH_AES_256_CBC_SHA256, TLS_DHE_DSS_WITH_AES_256_CBC_SHA256, TLS_ECDHE_ECDSA_WITH_AES_256_CBC_SHA, TLS_ECDHE_RSA_WITH_AES_256_CBC_SHA, TLS_RSA_WITH_AES_256_CBC_SHA, TLS_ECDH_ECDSA_WITH_AES_256_CBC_SHA, TLS_ECDH_RSA_WITH_AES_256_CBC_SHA, TLS_DHE_RSA_WITH_AES_256_CBC_SHA, TLS_DHE_DSS_WITH_AES_256_CBC_SHA, TLS_ECDHE_ECDSA_WITH_AES_128_CBC_SHA256, TLS_ECDHE_RSA_WITH_AES_128_CBC_SHA256, TLS_RSA_WITH_AES_128_CBC_SHA256, TLS_ECDH_ECDSA_WITH_AES_128_CBC_SHA256, TLS_ECDH_RSA_WITH_AES_128_CBC_SHA256, TLS_DHE_RSA_WITH_AES_128_CBC_SHA256, TLS_DHE_DSS_WITH_AES_128_CBC_SHA256, TLS_ECDHE_ECDSA_WITH_AES_128_CBC_SHA, TLS_ECDHE_RSA_WITH_AES_128_CBC_SHA, TLS_RSA_WITH_AES_128_CBC_SHA, TLS_ECDH_ECDSA_WITH_AES_128_CBC_SHA, TLS_ECDH_RSA_WITH_AES_128_CBC_SHA, TLS_DHE_RSA_WITH_AES_128_CBC_SHA, TLS_DHE_DSS_WITH_AES_128_CBC_SHA, TLS_ECDHE_ECDSA_WITH_AES_256_GCM_SHA384, TLS_ECDHE_ECDSA_WITH_AES_128_GCM_SHA256, TLS_ECDHE_RSA_WITH_AES_256_GCM_SHA384, TLS_RSA_WITH_AES_256_GCM_SHA384, TLS_ECDH_ECDSA_WITH_AES_256_GCM_SHA384, TLS_ECDH_RSA_WITH_AES_256_GCM_SHA384, TLS_DHE_RSA_WITH_AES_256_GCM_SHA384, TLS_DHE_DSS_WITH_AES_256_GCM_SHA384, TLS_ECDHE_RSA_WITH_AES_128_GCM_SHA256, TLS_RSA_WITH_AES_128_GCM_SHA256, TLS_ECDH_ECDSA_WITH_AES_128_GCM_SHA256, TLS_ECDH_RSA_WITH_AES_128_GCM_SHA256, TLS_DHE_RSA_WITH_AES_128_GCM_SHA256, TLS_DHE_DSS_WITH_AES_128_GCM_SHA256]
[2019-03-18T18:46:26.893][Instance 1][Port 49295] [2019-03-18T18:46:26.893]Starting handshake
[2019-03-18T18:46:27.242][Instance 1][Port 49295] [2019-03-18T18:46:27.242]Enabled protocols: [TLSv1, TLSv1.1, TLSv1.2]
[2019-03-18T18:46:27.243][Instance 1][Port 49295] [2019-03-18T18:46:27.242]Enabled cipher suites:[TLS_ECDHE_ECDSA_WITH_AES_256_CBC_SHA384, TLS_ECDHE_RSA_WITH_AES_256_CBC_SHA384, TLS_RSA_WITH_AES_256_CBC_SHA256, TLS_ECDH_ECDSA_WITH_AES_256_CBC_SHA384, TLS_ECDH_RSA_WITH_AES_256_CBC_SHA384, TLS_DHE_RSA_WITH_AES_256_CBC_SHA256, TLS_DHE_DSS_WITH_AES_256_CBC_SHA256, TLS_ECDHE_ECDSA_WITH_AES_256_CBC_SHA, TLS_ECDHE_RSA_WITH_AES_256_CBC_SHA, TLS_RSA_WITH_AES_256_CBC_SHA, TLS_ECDH_ECDSA_WITH_AES_256_CBC_SHA, TLS_ECDH_RSA_WITH_AES_256_CBC_SHA, TLS_DHE_RSA_WITH_AES_256_CBC_SHA, TLS_DHE_DSS_WITH_AES_256_CBC_SHA, TLS_ECDHE_ECDSA_WITH_AES_128_CBC_SHA256, TLS_ECDHE_RSA_WITH_AES_128_CBC_SHA256, TLS_RSA_WITH_AES_128_CBC_SHA256, TLS_ECDH_ECDSA_WITH_AES_128_CBC_SHA256, TLS_ECDH_RSA_WITH_AES_128_CBC_SHA256, TLS_DHE_RSA_WITH_AES_128_CBC_SHA256, TLS_DHE_DSS_WITH_AES_128_CBC_SHA256, TLS_ECDHE_ECDSA_WITH_AES_128_CBC_SHA, TLS_ECDHE_RSA_WITH_AES_128_CBC_SHA, TLS_RSA_WITH_AES_128_CBC_SHA, TLS_ECDH_ECDSA_WITH_AES_128_CBC_SHA, TLS_ECDH_RSA_WITH_AES_128_CBC_SHA, TLS_DHE_RSA_WITH_AES_128_CBC_SHA, TLS_DHE_DSS_WITH_AES_128_CBC_SHA, TLS_ECDHE_ECDSA_WITH_AES_256_GCM_SHA384, TLS_ECDHE_ECDSA_WITH_AES_128_GCM_SHA256, TLS_ECDHE_RSA_WITH_AES_256_GCM_SHA384, TLS_RSA_WITH_AES_256_GCM_SHA384, TLS_ECDH_ECDSA_WITH_AES_256_GCM_SHA384, TLS_ECDH_RSA_WITH_AES_256_GCM_SHA384, TLS_DHE_RSA_WITH_AES_256_GCM_SHA384, TLS_DHE_DSS_WITH_AES_256_GCM_SHA384, TLS_ECDHE_RSA_WITH_AES_128_GCM_SHA256, TLS_RSA_WITH_AES_128_GCM_SHA256, TLS_ECDH_ECDSA_WITH_AES_128_GCM_SHA256, TLS_ECDH_RSA_WITH_AES_128_GCM_SHA256, TLS_DHE_RSA_WITH_AES_128_GCM_SHA256, TLS_DHE_DSS_WITH_AES_128_GCM_SHA256]
[2019-03-18T18:46:27.243][Instance 1][Port 49295] [2019-03-18T18:46:27.243]Starting handshake
[2019-03-18T18:46:27.299][Instance 1][Port 49295] [2019-03-18T18:46:27.298]Secure session established
[2019-03-18T18:46:27.299][Instance 1][Port 49295] [2019-03-18T18:46:27.298] negotiated protocol: TLSv1.2
[2019-03-18T18:46:27.299][Instance 1][Port 49295] [2019-03-18T18:46:27.299] negotiated cipher suite: TLS_ECDHE_RSA_WITH_AES_256_CBC_SHA384
[2019-03-18T18:46:27.299][Instance 1][Port 49295] [2019-03-18T18:46:27.299] peer principal: OU=LittleProxy MITM, O=Impersonated Certificate, CN=js-agent.newrelic.com
[2019-03-18T18:46:27.299][Instance 1][Port 49295] [2019-03-18T18:46:27.299] peer alternative names: [js-agent.newrelic.com]
[2019-03-18T18:46:27.300][Instance 1][Port 49295] [2019-03-18T18:46:27.299] issuer principal: O=LittleProxy RSA Impersonation CA, CN=LittleProxy MITM
[2019-03-18T18:46:27.497][Instance 1][Port 49295] [2019-03-18T18:46:27.497]Enabled protocols: [TLSv1, TLSv1.1, TLSv1.2]
[2019-03-18T18:46:27.497][Instance 1][Port 49295] [2019-03-18T18:46:27.497]Enabled cipher suites:[TLS_ECDHE_ECDSA_WITH_AES_256_CBC_SHA384, TLS_ECDHE_RSA_WITH_AES_256_CBC_SHA384, TLS_RSA_WITH_AES_256_CBC_SHA256, TLS_ECDH_ECDSA_WITH_AES_256_CBC_SHA384, TLS_ECDH_RSA_WITH_AES_256_CBC_SHA384, TLS_DHE_RSA_WITH_AES_256_CBC_SHA256, TLS_DHE_DSS_WITH_AES_256_CBC_SHA256, TLS_ECDHE_ECDSA_WITH_AES_256_CBC_SHA, TLS_ECDHE_RSA_WITH_AES_256_CBC_SHA, TLS_RSA_WITH_AES_256_CBC_SHA, TLS_ECDH_ECDSA_WITH_AES_256_CBC_SHA, TLS_ECDH_RSA_WITH_AES_256_CBC_SHA, TLS_DHE_RSA_WITH_AES_256_CBC_SHA, TLS_DHE_DSS_WITH_AES_256_CBC_SHA, TLS_ECDHE_ECDSA_WITH_AES_128_CBC_SHA256, TLS_ECDHE_RSA_WITH_AES_128_CBC_SHA256, TLS_RSA_WITH_AES_128_CBC_SHA256, TLS_ECDH_ECDSA_WITH_AES_128_CBC_SHA256, TLS_ECDH_RSA_WITH_AES_128_CBC_SHA256, TLS_DHE_RSA_WITH_AES_128_CBC_SHA256, TLS_DHE_DSS_WITH_AES_128_CBC_SHA256, TLS_ECDHE_ECDSA_WITH_AES_128_CBC_SHA, TLS_ECDHE_RSA_WITH_AES_128_CBC_SHA, TLS_RSA_WITH_AES_128_CBC_SHA, TLS_ECDH_ECDSA_WITH_AES_128_CBC_SHA, TLS_ECDH_RSA_WITH_AES_128_CBC_SHA, TLS_DHE_RSA_WITH_AES_128_CBC_SHA, TLS_DHE_DSS_WITH_AES_128_CBC_SHA, TLS_ECDHE_ECDSA_WITH_AES_256_GCM_SHA384, TLS_ECDHE_ECDSA_WITH_AES_128_GCM_SHA256, TLS_ECDHE_RSA_WITH_AES_256_GCM_SHA384, TLS_RSA_WITH_AES_256_GCM_SHA384, TLS_ECDH_ECDSA_WITH_AES_256_GCM_SHA384, TLS_ECDH_RSA_WITH_AES_256_GCM_SHA384, TLS_DHE_RSA_WITH_AES_256_GCM_SHA384, TLS_DHE_DSS_WITH_AES_256_GCM_SHA384, TLS_ECDHE_RSA_WITH_AES_128_GCM_SHA256, TLS_RSA_WITH_AES_128_GCM_SHA256, TLS_ECDH_ECDSA_WITH_AES_128_GCM_SHA256, TLS_ECDH_RSA_WITH_AES_128_GCM_SHA256, TLS_DHE_RSA_WITH_AES_128_GCM_SHA256, TLS_DHE_DSS_WITH_AES_128_GCM_SHA256]
[2019-03-18T18:46:27.498][Instance 1][Port 49295] [2019-03-18T18:46:27.497]Starting handshake
[2019-03-18T18:46:27.577][Instance 1][Port 49295] [2019-03-18T18:46:27.577]Secure session established
[2019-03-18T18:46:27.578][Instance 1][Port 49295] [2019-03-18T18:46:27.577] negotiated protocol: TLSv1.2
[2019-03-18T18:46:27.578][Instance 1][Port 49295] [2019-03-18T18:46:27.578] negotiated cipher suite: TLS_ECDHE_RSA_WITH_AES_256_CBC_SHA384
[2019-03-18T18:46:27.578][Instance 1][Port 49295] [2019-03-18T18:46:27.578] peer principal: OU=LittleProxy MITM, O=Impersonated Certificate, CN=stripensrq.global.ssl.fastly.net
[2019-03-18T18:46:27.579][Instance 1][Port 49295] [2019-03-18T18:46:27.578] peer alternative names: [stripensrq.global.ssl.fastly.net]
[2019-03-18T18:46:27.579][Instance 1][Port 49295] [2019-03-18T18:46:27.579] issuer principal: O=LittleProxy RSA Impersonation CA, CN=LittleProxy MITM
[2019-03-18T18:46:27.602][Instance 1][Port 49295] [2019-03-18T18:46:27.602]Secure session established
[2019-03-18T18:46:27.602][Instance 1][Port 49295] [2019-03-18T18:46:27.602] negotiated protocol: TLSv1.2
[2019-03-18T18:46:27.602][Instance 1][Port 49295] [2019-03-18T18:46:27.602] negotiated cipher suite: TLS_ECDHE_RSA_WITH_AES_256_CBC_SHA384
[2019-03-18T18:46:27.603][Instance 1][Port 49295] [2019-03-18T18:46:27.602] peer principal: OU=LittleProxy MITM, O=Impersonated Certificate, CN=m.stripe.com
[2019-03-18T18:46:27.603][Instance 1][Port 49295] [2019-03-18T18:46:27.603] peer alternative names: [m.stripe.com]
[2019-03-18T18:46:27.603][Instance 1][Port 49295] [2019-03-18T18:46:27.603] issuer principal: O=LittleProxy RSA Impersonation CA, CN=LittleProxy MITM
[2019-03-18T18:46:27.610][Instance 1][Port 49295] Mar 18, 2019 1:46:27 PM com.sun.webkit.network.URLLoader doRun
[2019-03-18T18:46:27.610][Instance 1][Port 49295] WARNING: Unexpected error
[2019-03-18T18:46:27.610][Instance 1][Port 49295] java.io.IOException: The target server failed to respond: https://stripensrq.global.ssl.fastly.net/s/o
[2019-03-18T18:46:27.610][Instance 1][Port 49295] 	at com.machinepublishers.jbrowserdriver.StreamConnection.exec(StreamConnection.java:369)
[2019-03-18T18:46:27.610][Instance 1][Port 49295] 	at com.machinepublishers.jbrowserdriver.StreamConnection.getResponseCode(StreamConnection.java:449)
[2019-03-18T18:46:27.610][Instance 1][Port 49295] 	at com.sun.webkit.network.URLLoader.receiveResponse(URLLoader.java:432)
[2019-03-18T18:46:27.610][Instance 1][Port 49295] 	at com.sun.webkit.network.URLLoader.doRun(URLLoader.java:168)
[2019-03-18T18:46:27.610][Instance 1][Port 49295] 	at com.sun.webkit.network.URLLoader.lambda$run$98(URLLoader.java:132)
[2019-03-18T18:46:27.611][Instance 1][Port 49295] 	at java.security.AccessController.doPrivileged(Native Method)
[2019-03-18T18:46:27.611][Instance 1][Port 49295] 	at com.sun.webkit.network.URLLoader.run(URLLoader.java:131)
[2019-03-18T18:46:27.611][Instance 1][Port 49295] 	at java.util.concurrent.Executors$RunnableAdapter.call(Executors.java:511)
[2019-03-18T18:46:27.611][Instance 1][Port 49295] 	at java.util.concurrent.FutureTask.run(FutureTask.java:266)
[2019-03-18T18:46:27.611][Instance 1][Port 49295] 	at java.util.concurrent.ThreadPoolExecutor.runWorker(ThreadPoolExecutor.java:1149)
[2019-03-18T18:46:27.611][Instance 1][Port 49295] 	at java.util.concurrent.ThreadPoolExecutor$Worker.run(ThreadPoolExecutor.java:624)
[2019-03-18T18:46:27.612][Instance 1][Port 49295] 	at java.lang.Thread.run(Thread.java:748)
[2019-03-18T18:46:27.612][Instance 1][Port 49295] Caused by: org.apache.http.NoHttpResponseException: The target server failed to respond
[2019-03-18T18:46:27.612][Instance 1][Port 49295] 	at org.apache.http.impl.conn.DefaultHttpResponseParser.parseHead(DefaultHttpResponseParser.java:141)
[2019-03-18T18:46:27.612][Instance 1][Port 49295] 	at org.apache.http.impl.conn.DefaultHttpResponseParser.parseHead(DefaultHttpResponseParser.java:56)
[2019-03-18T18:46:27.612][Instance 1][Port 49295] 	at org.apache.http.impl.io.AbstractMessageParser.parse(AbstractMessageParser.java:259)
[2019-03-18T18:46:27.612][Instance 1][Port 49295] 	at org.apache.http.impl.DefaultBHttpClientConnection.receiveResponseHeader(DefaultBHttpClientConnection.java:163)
[2019-03-18T18:46:27.612][Instance 1][Port 49295] 	at org.apache.http.impl.conn.CPoolProxy.receiveResponseHeader(CPoolProxy.java:165)
[2019-03-18T18:46:27.612][Instance 1][Port 49295] 	at org.apache.http.protocol.HttpRequestExecutor.doReceiveResponse(HttpRequestExecutor.java:273)
[2019-03-18T18:46:27.612][Instance 1][Port 49295] 	at org.apache.http.protocol.HttpRequestExecutor.execute(HttpRequestExecutor.java:125)
[2019-03-18T18:46:27.612][Instance 1][Port 49295] 	at org.apache.http.impl.execchain.MainClientExec.execute(MainClientExec.java:272)
[2019-03-18T18:46:27.612][Instance 1][Port 49295] 	at org.apache.http.impl.execchain.ProtocolExec.execute(ProtocolExec.java:185)
[2019-03-18T18:46:27.612][Instance 1][Port 49295] 	at org.apache.http.impl.client.InternalHttpClient.doExecute(InternalHttpClient.java:185)
[2019-03-18T18:46:27.612][Instance 1][Port 49295] 	at org.apache.http.impl.client.CloseableHttpClient.execute(CloseableHttpClient.java:83)
[2019-03-18T18:46:27.612][Instance 1][Port 49295] 	at com.machinepublishers.jbrowserdriver.StreamConnectionClient.execute(StreamConnectionClient.java:175)
[2019-03-18T18:46:27.612][Instance 1][Port 49295] 	at com.machinepublishers.jbrowserdriver.StreamConnection.exec(StreamConnection.java:337)
[2019-03-18T18:46:27.612][Instance 1][Port 49295] 	... 11 more
[2019-03-18T18:46:27.612][Instance 1][Port 49295] 
[2019-03-18T18:46:27.689][Instance 1][Port 49295] [2019-03-18T18:46:27.689]Secure session established
[2019-03-18T18:46:27.689][Instance 1][Port 49295] [2019-03-18T18:46:27.689] negotiated protocol: TLSv1.2
[2019-03-18T18:46:27.689][Instance 1][Port 49295] [2019-03-18T18:46:27.689] negotiated cipher suite: TLS_ECDHE_RSA_WITH_AES_256_CBC_SHA384
[2019-03-18T18:46:27.690][Instance 1][Port 49295] [2019-03-18T18:46:27.689] peer principal: OU=LittleProxy MITM, O=Impersonated Certificate, CN=bam.nr-data.net
[2019-03-18T18:46:27.690][Instance 1][Port 49295] [2019-03-18T18:46:27.690] peer alternative names: [bam.nr-data.net]
[2019-03-18T18:46:27.690][Instance 1][Port 49295] [2019-03-18T18:46:27.690] issuer principal: O=LittleProxy RSA Impersonation CA, CN=LittleProxy MITM
]]></system-err>
  </testcase>
</testsuite>